<?xml version="1.0" encoding="UTF-8"?>
<!-- Generated by org.testng.reporters.JUnitReportReporter -->
<testsuite hostname="MANIKANTH_REDDY" failures="0" tests="3" name="utilities.ParallelRunner" time="220.144" errors="0" timestamp="2025-02-17T15:22:10 IST" skipped="0">
  <testcase classname="utilities.ParallelRunner" name="runScenario" time="70.587"/>
  <system-out/>
  <testcase classname="utilities.ParallelRunner" name="runScenario" time="94.544"/>
  <system-out/>
  <testcase classname="utilities.ParallelRunner" name="runScenario" time="55.013"/>
  <system-out/>
</testsuite> <!-- utilities.ParallelRunner -->
